=~=~=~=~=~=~=~=~=~=~=~= MobaXterm log 2023.11.16 20:41:47 =~=~=~=~=~=~=~=~=~=~=~=
    
                    MobaXterm Professional Edition v22.0                
                   (SSH client, X server and network tools)               
                                                                          
      SSH session to pi@192.168.0.14                                     
        Direct SSH      :                                               
        SSH compression :                                               
        SSH-browser     :                                               
        X11-forwarding  :    (remote display is forwarded through SSH)  
                                                                          
      For more info, ctrl+click on help or visit our website.            
    

Linux raspberrypi 5.15.76-v7+ #1597 SMP Fri Nov 4 12:13:17 GMT 2022 armv7l

The programs included with the Debian GNU/Linux system are free software;
the exact distribution terms for each program are described in the
individual files in /usr/share/doc/*/copyright.

Debian GNU/Linux comes with ABSOLUTELY NO WARRANTY, to the extent
permitted by applicable law.
Last login: Thu Nov 16 20:41:23 2023 from 192.168.0.4
pi@raspberrypi:~ $ cd kobuki/web_server/
pi@raspberrypi:~/kobuki/web_server $ node server.js
Server running on port 3000
New client connected
Client disconnected
New client connected
Client disconnected
New client connected
Client disconnected
New client connected
Client disconnected
New client connected
^C
pi@raspberrypi:~/kobuki/web_server $ node server.js
Server running on port 3000
New client connected
Client disconnected
New client connected
Client disconnected
New client connected
Client disconnected
New client connected
Client disconnected
New client connected
Client disconnected
New client connected
Client disconnected
New client connected
Client disconnected
New client connected
Client disconnected
New client connected
Client disconnected
New client connected
Client disconnected
New client connected
Client disconnected
New client connected
Client disconnected
New client connected
Client disconnected
New client connected
Client disconnected
New client connected
Client disconnected
New client connected
Client disconnected
New client connected
^C
pi@raspberrypi:~/kobuki/web_server $ node server.js
Server running on port 3000
New client connected
Client disconnected
New client connected
Client disconnected
New client connected
Client disconnected
New client connected
Client disconnected
New client connected
^C
pi@raspberrypi:~/kobuki/web_server $ 
pi@raspberrypi:~/kobuki/web_server $ 